#
# There is insufficient memory for the Java Runtime Environment to continue.
# Native memory allocation (malloc) failed to allocate 32744 bytes for ChunkPool::allocate
# Possible reasons:
#   The system is out of physical RAM or swap space
#   In 32 bit mode, the process size limit was hit
# Possible solutions:
#   Reduce memory load on the system
#   Increase physical memory or swap space
#   Check if swap backing store is full
#   Use 64 bit Java on a 64 bit OS
#   Decrease Java heap size (-Xmx/-Xms)
#   Decrease number of Java threads
#   Decrease Java thread stack sizes (-Xss)
#   Set larger code cache with -XX:ReservedCodeCacheSize=
# This output file may be truncated or incomplete.
#
#  Out of Memory Error (allocation.cpp:273), pid=492, tid=0x00000000000004d8
#
# JRE version: Java(TM) SE Runtime Environment (8.0_161-b12) (build 1.8.0_161-b12)
# Java VM: Java HotSpot(TM) 64-Bit Server VM (25.161-b12 mixed mode windows-amd64 compressed oops)
# Failed to write core dump. Minidumps are not enabled by default on client versions of Windows
#

---------------  T H R E A D  ---------------

Current thread (0x00000000175a1800):  JavaThread "C2 CompilerThread1" daemon [_thread_in_native, id=1240, stack(0x0000000018d20000,0x0000000018e20000)]

Stack: [0x0000000018d20000,0x0000000018e20000]
[error occurred during error reporting (printing stack bounds), id 0xc0000005]

Native frames: (J=compiled Java code, j=interpreted, Vv=VM code, C=native code)


Current CompileTask:
C2:  25187 2158       4       ch.epfl.javass.jass.MctsPlayer$Node::bonEndroit (65 bytes)


---------------  P R O C E S S  ---------------

Java Threads: ( => current thread )
  0x0000000019914000 JavaThread "Prism Font Disposer" daemon [_thread_blocked, id=10564, stack(0x00000000227d0000,0x00000000228d0000)]
  0x000000001989c000 JavaThread "Thread-4" [_thread_in_Java, id=10560, stack(0x0000000021640000,0x0000000021740000)]
  0x0000000019889000 JavaThread "Thread-3" daemon [_thread_in_native, id=10552, stack(0x0000000021440000,0x0000000021540000)]
  0x000000001982d000 JavaThread "JavaFX-Launcher" [_thread_blocked, id=10556, stack(0x0000000021540000,0x0000000021640000)]
  0x0000000019800800 JavaThread "JavaFX Application Thread" [_thread_in_native, id=11292, stack(0x000000001a870000,0x000000001a970000)]
  0x00000000197f9000 JavaThread "Thread-1" daemon [_thread_blocked, id=10008, stack(0x000000001a770000,0x000000001a870000)]
  0x00000000192fa000 JavaThread "QuantumRenderer-0" daemon [_thread_blocked, id=32, stack(0x0000000019ff0000,0x000000001a0f0000)]
  0x0000000018f49800 JavaThread "Service Thread" daemon [_thread_blocked, id=12164, stack(0x0000000019320000,0x0000000019420000)]
  0x00000000175ac000 JavaThread "C1 CompilerThread2" daemon [_thread_in_native, id=11388, stack(0x0000000018e20000,0x0000000018f20000)]
=>0x00000000175a1800 JavaThread "C2 CompilerThread1" daemon [_thread_in_native, id=1240, stack(0x0000000018d20000,0x0000000018e20000)]
  0x000000001759c800 JavaThread "C2 CompilerThread0" daemon [_thread_in_native, id=972, stack(0x0000000018c20000,0x0000000018d20000)]
  0x000000001759a800 JavaThread "Attach Listener" daemon [_thread_blocked, id=104, stack(0x0000000018b20000,0x0000000018c20000)]
  0x00000000175a5800 JavaThread "Signal Dispatcher" daemon [_thread_blocked, id=1600, stack(0x0000000018a20000,0x0000000018b20000)]
  0x000000001758a800 JavaThread "Finalizer" daemon [_thread_blocked, id=2144, stack(0x0000000018800000,0x0000000018900000)]
  0x0000000002a60800 JavaThread "Reference Handler" daemon [_thread_blocked, id=11212, stack(0x0000000018700000,0x0000000018800000)]
  0x000000000279e000 JavaThread "main" [_thread_blocked, id=11144, stack(0x0000000002870000,0x0000000002970000)]

Other Threads:
  0x0000000017568800 VMThread [stack: 0x0000000018600000,0x0000000018700000] [id=9884]
  0x0000000018f67800 WatcherThread [stack: 0x0000000019590000,0x0000000019690000] [id=4180]

VM state:not at safepoint (normal execution)

VM Mutex/Monitor currently owned by a thread: None

Heap:
 PSYoungGen      total 327168K, used 274651K [0x00000000d5f00000, 0x00000000eeb00000, 0x0000000100000000)
  eden space 325120K, 83% used [0x00000000d5f00000,0x00000000e699ec30,0x00000000e9c80000)
  from space 2048K, 79% used [0x00000000ee900000,0x00000000eea98000,0x00000000eeb00000)
  to   space 2560K, 0% used [0x00000000ee600000,0x00000000ee600000,0x00000000ee880000)
 ParOldGen       total 87552K, used 52650K [0x0000000081c00000, 0x0000000087180000, 0x00000000d5f00000)
  object space 87552K, 60% used [0x0000000081c00000,0x0000000084f6aa48,0x0000000087180000)
 Metaspace       used 14514K, capacity 15124K, committed 15360K, reserved 1062912K
  class space    used 2040K, capacity 2246K, committed 2304K, reserved 1048576K

Card table byte_map: [0x0000000011e30000,0x0000000012230000] byte_map_base: 0x0000000011a22000

Marking Bits: (ParMarkBitMap*) 0x000000005a0bf860
 Begin Bits: [0x00000000128e0000, 0x0000000014870000)
 End Bits:   [0x0000000014870000, 0x0000000016800000)

Polling page: 0x0000000000b10000

CodeCache: size=245760Kb used=6003Kb max_used=6296Kb free=239756Kb
 bounds [0x0000000002a70000, 0x00000000030a0000, 0x0000000011a70000]
 total_blobs=2572 nmethods=1948 adapters=535
 compilation: enabled

Compilation events (10 events):
Event: 25.117 Thread 0x00000000175ac000 2153       3       ch.epfl.javass.jass.MctsPlayer$Node::bonEndroit (65 bytes)
Event: 25.117 Thread 0x00000000175a1800 2154       4       ch.epfl.javass.jass.MctsPlayer$Node::sature (23 bytes)
Event: 25.118 Thread 0x00000000175ac000 nmethod 2153 0x0000000002dc59d0 code [0x0000000002dc5d20, 0x0000000002dc7428]
Event: 25.118 Thread 0x00000000175a1800 nmethod 2154 0x0000000002d0c850 code [0x0000000002d0c9a0, 0x0000000002d0ca58]
Event: 25.119 Thread 0x00000000175ac000 2155       3       ch.epfl.javass.jass.MctsPlayer$Node::access$2 (5 bytes)
Event: 25.119 Thread 0x00000000175ac000 nmethod 2155 0x0000000002ddb2d0 code [0x0000000002ddb440, 0x0000000002ddb5a8]
Event: 25.119 Thread 0x000000001759c800 2156       4       java.util.LinkedList::addAll (182 bytes)
Event: 25.119 Thread 0x00000000175ac000 2157       3       ch.epfl.javass.jass.MctsPlayer$Node::addNode (157 bytes)
Event: 25.122 Thread 0x00000000175ac000 nmethod 2157 0x0000000002e21490 code [0x0000000002e21a20, 0x0000000002e24f68]
Event: 25.122 Thread 0x00000000175a1800 2158       4       ch.epfl.javass.jass.MctsPlayer$Node::bonEndroit (65 bytes)

GC Heap History (10 events):
Event: 19.846 GC heap before
{Heap before GC invocations=60 (full 0):
 PSYoungGen      total 375808K, used 373376K [0x00000000d5f00000, 0x00000000eed80000, 0x0000000100000000)
  eden space 373248K, 100% used [0x00000000d5f00000,0x00000000ecb80000,0x00000000ecb80000)
  from space 2560K, 5% used [0x00000000ecb80000,0x00000000ecba0000,0x00000000ece00000)
  to   space 2560K, 0% used [0x00000000eeb00000,0x00000000eeb00000,0x00000000eed80000)
 ParOldGen       total 87552K, used 52522K [0x0000000081c00000, 0x0000000087180000, 0x00000000d5f00000)
  object space 87552K, 59% used [0x0000000081c00000,0x0000000084f4aa48,0x0000000087180000)
 Metaspace       used 14418K, capacity 15060K, committed 15360K, reserved 1062912K
  class space    used 2040K, capacity 2246K, committed 2304K, reserved 1048576K
Event: 19.849 GC heap after
Heap after GC invocations=60 (full 0):
 PSYoungGen      total 375808K, used 2112K [0x00000000d5f00000, 0x00000000eed80000, 0x0000000100000000)
  eden space 373248K, 0% used [0x00000000d5f00000,0x00000000d5f00000,0x00000000ecb80000)
  from space 2560K, 82% used [0x00000000eeb00000,0x00000000eed10000,0x00000000eed80000)
  to   space 2560K, 0% used [0x00000000ecb80000,0x00000000ecb80000,0x00000000ece00000)
 ParOldGen       total 87552K, used 52554K [0x0000000081c00000, 0x0000000087180000, 0x00000000d5f00000)
  object space 87552K, 60% used [0x0000000081c00000,0x0000000084f52a48,0x0000000087180000)
 Metaspace       used 14418K, capacity 15060K, committed 15360K, reserved 1062912K
  class space    used 2040K, capacity 2246K, committed 2304K, reserved 1048576K
}
Event: 20.036 GC heap before
{Heap before GC invocations=61 (full 0):
 PSYoungGen      total 375808K, used 375360K [0x00000000d5f00000, 0x00000000eed80000, 0x0000000100000000)
  eden space 373248K, 100% used [0x00000000d5f00000,0x00000000ecb80000,0x00000000ecb80000)
  from space 2560K, 82% used [0x00000000eeb00000,0x00000000eed10000,0x00000000eed80000)
  to   space 2560K, 0% used [0x00000000ecb80000,0x00000000ecb80000,0x00000000ece00000)
 ParOldGen       total 87552K, used 52554K [0x0000000081c00000, 0x0000000087180000, 0x00000000d5f00000)
  object space 87552K, 60% used [0x0000000081c00000,0x0000000084f52a48,0x0000000087180000)
 Metaspace       used 14422K, capacity 15060K, committed 15360K, reserved 1062912K
  class space    used 2040K, capacity 2246K, committed 2304K, reserved 1048576K
Event: 20.037 GC heap after
Heap after GC invocations=61 (full 0):
 PSYoungGen      total 375808K, used 1344K [0x00000000d5f00000, 0x00000000eed80000, 0x0000000100000000)
  eden space 373248K, 0% used [0x00000000d5f00000,0x00000000d5f00000,0x00000000ecb80000)
  from space 2560K, 52% used [0x00000000ecb80000,0x00000000eccd0000,0x00000000ece00000)
  to   space 2560K, 0% used [0x00000000eeb00000,0x00000000eeb00000,0x00000000eed80000)
 ParOldGen       total 87552K, used 52570K [0x0000000081c00000, 0x0000000087180000, 0x00000000d5f00000)
  object space 87552K, 60% used [0x0000000081c00000,0x0000000084f56a48,0x0000000087180000)
 Metaspace       used 14422K, capacity 15060K, committed 15360K, reserved 1062912K
  class space    used 2040K, capacity 2246K, committed 2304K, reserved 1048576K
}
Event: 21.225 GC heap before
{Heap before GC invocations=62 (full 0):
 PSYoungGen      total 375808K, used 374592K [0x00000000d5f00000, 0x00000000eed80000, 0x0000000100000000)
  eden space 373248K, 100% used [0x00000000d5f00000,0x00000000ecb80000,0x00000000ecb80000)
  from space 2560K, 52% used [0x00000000ecb80000,0x00000000eccd0000,0x00000000ece00000)
  to   space 2560K, 0% used [0x00000000eeb00000,0x00000000eeb00000,0x00000000eed80000)
 ParOldGen       total 87552K, used 52570K [0x0000000081c00000, 0x0000000087180000, 0x00000000d5f00000)
  object space 87552K, 60% used [0x0000000081c00000,0x0000000084f56a48,0x0000000087180000)
 Metaspace       used 14433K, capacity 15060K, committed 15360K, reserved 1062912K
  class space    used 2040K, capacity 2246K, committed 2304K, reserved 1048576K
Event: 21.227 GC heap after
Heap after GC invocations=62 (full 0):
 PSYoungGen      total 357376K, used 992K [0x00000000d5f00000, 0x00000000eec00000, 0x0000000100000000)
  eden space 356352K, 0% used [0x00000000d5f00000,0x00000000d5f00000,0x00000000ebb00000)
  from space 1024K, 96% used [0x00000000eeb00000,0x00000000eebf8000,0x00000000eec00000)
  to   space 2560K, 0% used [0x00000000ee700000,0x00000000ee700000,0x00000000ee980000)
 ParOldGen       total 87552K, used 52586K [0x0000000081c00000, 0x0000000087180000, 0x00000000d5f00000)
  object space 87552K, 60% used [0x0000000081c00000,0x0000000084f5aa48,0x0000000087180000)
 Metaspace       used 14433K, capacity 15060K, committed 15360K, reserved 1062912K
  class space    used 2040K, capacity 2246K, committed 2304K, reserved 1048576K
}
Event: 23.909 GC heap before
{Heap before GC invocations=63 (full 0):
 PSYoungGen      total 357376K, used 357344K [0x00000000d5f00000, 0x00000000eec00000, 0x0000000100000000)
  eden space 356352K, 100% used [0x00000000d5f00000,0x00000000ebb00000,0x00000000ebb00000)
  from space 1024K, 96% used [0x00000000eeb00000,0x00000000eebf8000,0x00000000eec00000)
  to   space 2560K, 0% used [0x00000000ee700000,0x00000000ee700000,0x00000000ee980000)
 ParOldGen       total 87552K, used 52586K [0x0000000081c00000, 0x0000000087180000, 0x00000000d5f00000)
  object space 87552K, 60% used [0x0000000081c00000,0x0000000084f5aa48,0x0000000087180000)
 Metaspace       used 14480K, capacity 15124K, committed 15360K, reserved 1062912K
  class space    used 2040K, capacity 2246K, committed 2304K, reserved 1048576K
Event: 23.911 GC heap after
Heap after GC invocations=63 (full 0):
 PSYoungGen      total 342016K, used 1248K [0x00000000d5f00000, 0x00000000eeb80000, 0x0000000100000000)
  eden space 340480K, 0% used [0x00000000d5f00000,0x00000000d5f00000,0x00000000eab80000)
  from space 1536K, 81% used [0x00000000ee700000,0x00000000ee838000,0x00000000ee880000)
  to   space 2560K, 0% used [0x00000000ee900000,0x00000000ee900000,0x00000000eeb80000)
 ParOldGen       total 87552K, used 52618K [0x0000000081c00000, 0x0000000087180000, 0x00000000d5f00000)
  object space 87552K, 60% used [0x0000000081c00000,0x0000000084f62a48,0x0000000087180000)
 Metaspace       used 14480K, capacity 15124K, committed 15360K, reserved 1062912K
  class space    used 2040K, capacity 2246K, committed 2304K, reserved 1048576K
}
Event: 24.037 GC heap before
{Heap before GC invocations=64 (full 0):
 PSYoungGen      total 342016K, used 341728K [0x00000000d5f00000, 0x00000000eeb80000, 0x0000000100000000)
  eden space 340480K, 100% used [0x00000000d5f00000,0x00000000eab80000,0x00000000eab80000)
  from space 1536K, 81% used [0x00000000ee700000,0x00000000ee838000,0x00000000ee880000)
  to   space 2560K, 0% used [0x00000000ee900000,0x00000000ee900000,0x00000000eeb80000)
 ParOldGen       total 87552K, used 52618K [0x0000000081c00000, 0x0000000087180000, 0x00000000d5f00000)
  object space 87552K, 60% used [0x0000000081c00000,0x0000000084f62a48,0x0000000087180000)
 Metaspace       used 14491K, capacity 15124K, committed 15360K, reserved 1062912K
  class space    used 2040K, capacity 2246K, committed 2304K, reserved 1048576K
Event: 24.040 GC heap after
Heap after GC invocations=64 (full 0):
 PSYoungGen      total 327168K, used 1632K [0x00000000d5f00000, 0x00000000eeb00000, 0x0000000100000000)
  eden space 325120K, 0% used [0x00000000d5f00000,0x00000000d5f00000,0x00000000e9c80000)
  from space 2048K, 79% used [0x00000000ee900000,0x00000000eea98000,0x00000000eeb00000)
  to   space 2560K, 0% used [0x00000000ee600000,0x00000000ee600000,0x00000000ee880000)
 ParOldGen       total 87552K, used 52650K [0x0000000081c00000, 0x0000000087180000, 0x00000000d5f00000)
  object space 87552K, 60% used [0x0000000081c00000,0x0000000084f6aa48,0x0000000087180000)
 Metaspace       used 14491K, capacity 15124K, committed 15360K, reserved 1062912K
  class space    used 2040K, capacity 2246K, committed 2304K, reserved 1048576K
}

Deoptimization events (10 events):
Event: 1.493 Thread 0x000000001989c000 Uncommon trap: reason=unstable_if action=reinterpret pc=0x0000000002eb6294 method=ch.epfl.javass.jass.PackedScore.withAdditionalTrick(JLch/epfl/javass/jass/TeamId;I)J @ 148
Event: 1.541 Thread 0x000000001989c000 Uncommon trap: reason=unstable_if action=reinterpret pc=0x0000000002ebb668 method=ch.epfl.javass.jass.PackedScore.withAdditionalTrick(JLch/epfl/javass/jass/TeamId;I)J @ 148
Event: 2.510 Thread 0x0000000019800800 Uncommon trap: reason=unstable_if action=reinterpret pc=0x0000000002e60cd4 method=ch.epfl.javass.jass.PackedTrick.winningPlayer(I)Lch/epfl/javass/jass/PlayerId; @ 60
Event: 2.513 Thread 0x000000001989c000 Uncommon trap: reason=unstable_if action=reinterpret pc=0x0000000002ecc5e0 method=ch.epfl.javass.jass.PackedScore.withAdditionalTrick(JLch/epfl/javass/jass/TeamId;I)J @ 35
Event: 4.737 Thread 0x0000000019800800 Uncommon trap: reason=unstable_if action=reinterpret pc=0x0000000002d602a8 method=jdk.internal.org.objectweb.asm.Type.getArgumentsAndReturnSizes(Ljava/lang/String;)I @ 47
Event: 5.059 Thread 0x000000001989c000 Uncommon trap: reason=unstable_if action=reinterpret pc=0x0000000002f20c00 method=ch.epfl.javass.jass.PackedTrick.rightToSousCouper(IJ)Z @ 54
Event: 6.777 Thread 0x000000001989c000 Uncommon trap: reason=unstable_if action=reinterpret pc=0x0000000002ed5c98 method=ch.epfl.javass.jass.MctsPlayer$Node.addNode()Lch/epfl/javass/jass/MctsPlayer$Node; @ 127
Event: 25.117 Thread 0x000000001989c000 Uncommon trap: reason=unstable_if action=reinterpret pc=0x0000000002ebcfa0 method=ch.epfl.javass.jass.MctsPlayer$Node.isLeaf()Z @ 10
Event: 25.117 Thread 0x000000001989c000 Uncommon trap: reason=unstable_if action=reinterpret pc=0x0000000002f7abb8 method=ch.epfl.javass.jass.MctsPlayer$Node.isLeaf()Z @ 10
Event: 25.119 Thread 0x000000001989c000 Uncommon trap: reason=unstable_if action=reinterpret pc=0x0000000002ffb008 method=ch.epfl.javass.jass.MctsPlayer$Node.isLeaf()Z @ 10

Classes redefined (0 events):
No events

Internal exceptions (10 events):
Event: 0.055 Thread 0x000000000279e000 Exception <a 'java/io/FileNotFoundException'> (0x00000000d5f5e118) thrown at [C:\re\workspace\8-2-build-windows-amd64-cygwin\jdk8u161\10277\hotspot\src\share\vm\prims\jni.cpp, line 709]
Event: 0.100 Thread 0x000000000279e000 Exception <a 'java/lang/NoSuchFieldError': method resolution failed> (0x00000000d611fd58) thrown at [C:\re\workspace\8-2-build-windows-amd64-cygwin\jdk8u161\10277\hotspot\src\share\vm\prims\methodHandles.cpp, line 1167]
Event: 0.101 Thread 0x000000000279e000 Exception <a 'java/lang/NoSuchFieldError': method resolution failed> (0x00000000d612d0a8) thrown at [C:\re\workspace\8-2-build-windows-amd64-cygwin\jdk8u161\10277\hotspot\src\share\vm\prims\methodHandles.cpp, line 1167]
Event: 0.119 Thread 0x000000000279e000 Exception <a 'java/security/PrivilegedActionException'> (0x00000000d61b7468) thrown at [C:\re\workspace\8-2-build-windows-amd64-cygwin\jdk8u161\10277\hotspot\src\share\vm\prims\jvm.cpp, line 1390]
Event: 0.119 Thread 0x000000000279e000 Exception <a 'java/security/PrivilegedActionException'> (0x00000000d61b7678) thrown at [C:\re\workspace\8-2-build-windows-amd64-cygwin\jdk8u161\10277\hotspot\src\share\vm\prims\jvm.cpp, line 1390]
Event: 0.119 Thread 0x000000000279e000 Exception <a 'java/security/PrivilegedActionException'> (0x00000000d61bb2e8) thrown at [C:\re\workspace\8-2-build-windows-amd64-cygwin\jdk8u161\10277\hotspot\src\share\vm\prims\jvm.cpp, line 1390]
Event: 0.120 Thread 0x000000000279e000 Exception <a 'java/security/PrivilegedActionException'> (0x00000000d61bb4f8) thrown at [C:\re\workspace\8-2-build-windows-amd64-cygwin\jdk8u161\10277\hotspot\src\share\vm\prims\jvm.cpp, line 1390]
Event: 0.120 Thread 0x000000000279e000 Exception <a 'java/lang/NullPointerException'> (0x00000000d61bbad0) thrown at [C:\re\workspace\8-2-build-windows-amd64-cygwin\jdk8u161\10277\hotspot\src\share\vm\interpreter\linkResolver.cpp, line 1185]
Event: 0.881 Thread 0x000000001989c000 Exception <a 'java/lang/NullPointerException'> (0x00000000d7dc7750) thrown at [C:\re\workspace\8-2-build-windows-amd64-cygwin\jdk8u161\10277\hotspot\src\share\vm\interpreter\linkResolver.cpp, line 1185]
Event: 0.881 Thread 0x000000001989c000 Exception <a 'java/lang/NullPointerException'> (0x00000000d7dc7750) thrown at [C:\re\workspace\8-2-build-windows-amd64-cygwin\jdk8u161\10277\hotspot\src\share\vm\prims\jvm.cpp, line 1394]

Events (10 events):
Event: 24.040 Executing VM operation: ParallelGCFailedAllocation done
Event: 25.117 Thread 0x000000001989c000 Uncommon trap: trap_request=0xffffff65 fr.pc=0x0000000002ebcfa0
Event: 25.117 Thread 0x000000001989c000 DEOPT PACKING pc=0x0000000002ebcfa0 sp=0x000000002173ea80
Event: 25.117 Thread 0x000000001989c000 DEOPT UNPACKING pc=0x0000000002ab583b sp=0x000000002173e9f8 mode 2
Event: 25.117 Thread 0x000000001989c000 Uncommon trap: trap_request=0xffffff65 fr.pc=0x0000000002f7abb8
Event: 25.117 Thread 0x000000001989c000 DEOPT PACKING pc=0x0000000002f7abb8 sp=0x000000002173ec60
Event: 25.117 Thread 0x000000001989c000 DEOPT UNPACKING pc=0x0000000002ab583b sp=0x000000002173eb58 mode 2
Event: 25.119 Thread 0x000000001989c000 Uncommon trap: trap_request=0xffffff65 fr.pc=0x0000000002ffb008
Event: 25.119 Thread 0x000000001989c000 DEOPT PACKING pc=0x0000000002ffb008 sp=0x000000002173ebf0
Event: 25.119 Thread 0x000000001989c000 DEOPT UNPACKING pc=0x0000000002ab583b sp=0x000000002173eb48 mode 2


Dynamic libraries:
0x00007ff737800000 - 0x00007ff737837000 	C:\Program Files\Java\jre1.8.0_161\bin\javaw.exe
0x00007ffe0cf20000 - 0x00007ffe0d101000 	C:\WINDOWS\SYSTEM32\ntdll.dll
0x00007ffe0a8e0000 - 0x00007ffe0a991000 	C:\WINDOWS\System32\KERNEL32.DLL
0x00007ffe09770000 - 0x00007ffe099e3000 	C:\WINDOWS\System32\KERNELBASE.dll
0x00007ffe0a540000 - 0x00007ffe0a5e1000 	C:\WINDOWS\System32\ADVAPI32.dll
0x00007ffe0cdd0000 - 0x00007ffe0ce6e000 	C:\WINDOWS\System32\msvcrt.dll
0x00007ffe0a6e0000 - 0x00007ffe0a73b000 	C:\WINDOWS\System32\sechost.dll
0x00007ffe0ade0000 - 0x00007ffe0af04000 	C:\WINDOWS\System32\RPCRT4.dll
0x00007ffe0af10000 - 0x00007ffe0b0a0000 	C:\WINDOWS\System32\USER32.dll
0x00007ffe09be0000 - 0x00007ffe09c00000 	C:\WINDOWS\System32\win32u.dll
0x00007ffe0b1a0000 - 0x00007ffe0b1c8000 	C:\WINDOWS\System32\GDI32.dll
0x00007ffe094a0000 - 0x00007ffe09632000 	C:\WINDOWS\System32\gdi32full.dll
0x00007ffe09c00000 - 0x00007ffe09c9f000 	C:\WINDOWS\System32\msvcp_win.dll
0x00007ffe092f0000 - 0x00007ffe093e8000 	C:\WINDOWS\System32\ucrtbase.dll
0x00007ffdfd230000 - 0x00007ffdfd499000 	C:\WINDOWS\WinSxS\amd64_microsoft.windows.common-controls_6595b64144ccf1df_6.0.17134.706_none_fb43a2cb30647007\COMCTL32.dll
0x00007ffe0b1d0000 - 0x00007ffe0b4f2000 	C:\WINDOWS\System32\combase.dll
0x00007ffe09640000 - 0x00007ffe096ba000 	C:\WINDOWS\System32\bcryptPrimitives.dll
0x00007ffe0b0a0000 - 0x00007ffe0b0cd000 	C:\WINDOWS\System32\IMM32.DLL
0x00000000596e0000 - 0x00000000597b2000 	C:\Program Files\Java\jre1.8.0_161\bin\msvcr100.dll
0x00000000598a0000 - 0x000000005a13f000 	C:\Program Files\Java\jre1.8.0_161\bin\server\jvm.dll
0x00007ffe0cee0000 - 0x00007ffe0cee8000 	C:\WINDOWS\System32\PSAPI.DLL
0x00007ffdfa790000 - 0x00007ffdfa799000 	C:\WINDOWS\SYSTEM32\WSOCK32.dll
0x00007ffe04bf0000 - 0x00007ffe04c13000 	C:\WINDOWS\SYSTEM32\WINMM.dll
0x00007ffe04320000 - 0x00007ffe0432a000 	C:\WINDOWS\SYSTEM32\VERSION.dll
0x00007ffe0ce70000 - 0x00007ffe0cedc000 	C:\WINDOWS\System32\WS2_32.dll
0x00007ffe04bc0000 - 0x00007ffe04bea000 	C:\WINDOWS\SYSTEM32\WINMMBASE.dll
0x00007ffe09450000 - 0x00007ffe09499000 	C:\WINDOWS\System32\cfgmgr32.dll
0x0000000059890000 - 0x000000005989f000 	C:\Program Files\Java\jre1.8.0_161\bin\verify.dll
0x0000000059860000 - 0x0000000059889000 	C:\Program Files\Java\jre1.8.0_161\bin\java.dll
0x0000000059840000 - 0x0000000059856000 	C:\Program Files\Java\jre1.8.0_161\bin\zip.dll
0x00007ffe0b510000 - 0x00007ffe0c950000 	C:\WINDOWS\System32\SHELL32.dll
0x00007ffe0a490000 - 0x00007ffe0a539000 	C:\WINDOWS\System32\shcore.dll
0x00007ffe09ca0000 - 0x00007ffe0a3ad000 	C:\WINDOWS\System32\windows.storage.dll
0x00007ffe0aa00000 - 0x00007ffe0aa51000 	C:\WINDOWS\System32\shlwapi.dll
0x00007ffe092a0000 - 0x00007ffe092b1000 	C:\WINDOWS\System32\kernel.appcore.dll
0x00007ffe092d0000 - 0x00007ffe092ef000 	C:\WINDOWS\System32\profapi.dll
0x00007ffe09230000 - 0x00007ffe0927c000 	C:\WINDOWS\System32\powrprof.dll
0x00007ffe092c0000 - 0x00007ffe092ca000 	C:\WINDOWS\System32\FLTLIB.DLL
0x0000000002730000 - 0x0000000002733000 	C:\Program Files\Java\jre1.8.0_161\bin\api-ms-win-core-console-l1-1-0.dll
0x0000000002740000 - 0x0000000002743000 	C:\Program Files\Java\jre1.8.0_161\bin\api-ms-win-core-datetime-l1-1-0.dll
0x0000000002750000 - 0x0000000002753000 	C:\Program Files\Java\jre1.8.0_161\bin\api-ms-win-core-debug-l1-1-0.dll
0x0000000002760000 - 0x0000000002763000 	C:\Program Files\Java\jre1.8.0_161\bin\api-ms-win-core-errorhandling-l1-1-0.dll
0x0000000002770000 - 0x0000000002774000 	C:\Program Files\Java\jre1.8.0_161\bin\api-ms-win-core-file-l1-1-0.dll
0x0000000002780000 - 0x0000000002783000 	C:\Program Files\Java\jre1.8.0_161\bin\api-ms-win-core-file-l1-2-0.dll
0x00000000027a0000 - 0x00000000027a3000 	C:\Program Files\Java\jre1.8.0_161\bin\api-ms-win-core-file-l2-1-0.dll
0x00000000027b0000 - 0x00000000027b3000 	C:\Program Files\Java\jre1.8.0_161\bin\api-ms-win-core-handle-l1-1-0.dll
0x00000000027c0000 - 0x00000000027c3000 	C:\Program Files\Java\jre1.8.0_161\bin\api-ms-win-core-heap-l1-1-0.dll
0x00000000027d0000 - 0x00000000027d3000 	C:\Program Files\Java\jre1.8.0_161\bin\api-ms-win-core-interlocked-l1-1-0.dll
0x00000000027e0000 - 0x00000000027e3000 	C:\Program Files\Java\jre1.8.0_161\bin\api-ms-win-core-libraryloader-l1-1-0.dll
0x00000000027f0000 - 0x00000000027f3000 	C:\Program Files\Java\jre1.8.0_161\bin\api-ms-win-core-localization-l1-2-0.dll
0x0000000002800000 - 0x0000000002803000 	C:\Program Files\Java\jre1.8.0_161\bin\api-ms-win-core-memory-l1-1-0.dll
0x0000000002810000 - 0x0000000002813000 	C:\Program Files\Java\jre1.8.0_161\bin\api-ms-win-core-namedpipe-l1-1-0.dll
0x0000000002820000 - 0x0000000002823000 	C:\Program Files\Java\jre1.8.0_161\bin\api-ms-win-core-processenvironment-l1-1-0.dll
0x0000000002830000 - 0x0000000002833000 	C:\Program Files\Java\jre1.8.0_161\bin\api-ms-win-core-processthreads-l1-1-0.dll
0x0000000002840000 - 0x0000000002843000 	C:\Program Files\Java\jre1.8.0_161\bin\api-ms-win-core-processthreads-l1-1-1.dll
0x0000000002850000 - 0x0000000002853000 	C:\Program Files\Java\jre1.8.0_161\bin\api-ms-win-core-profile-l1-1-0.dll
0x0000000019690000 - 0x0000000019693000 	C:\Program Files\Java\jre1.8.0_161\bin\api-ms-win-core-rtlsupport-l1-1-0.dll
0x00000000196a0000 - 0x00000000196a3000 	C:\Program Files\Java\jre1.8.0_161\bin\api-ms-win-core-string-l1-1-0.dll
0x00000000196b0000 - 0x00000000196b3000 	C:\Program Files\Java\jre1.8.0_161\bin\api-ms-win-core-synch-l1-1-0.dll
0x00000000196c0000 - 0x00000000196c3000 	C:\Program Files\Java\jre1.8.0_161\bin\api-ms-win-core-synch-l1-2-0.dll
0x00000000196d0000 - 0x00000000196d3000 	C:\Program Files\Java\jre1.8.0_161\bin\api-ms-win-core-sysinfo-l1-1-0.dll
0x00000000196e0000 - 0x00000000196e3000 	C:\Program Files\Java\jre1.8.0_161\bin\api-ms-win-core-timezone-l1-1-0.dll
0x00000000196f0000 - 0x00000000196f3000 	C:\Program Files\Java\jre1.8.0_161\bin\api-ms-win-core-util-l1-1-0.dll
0x0000000019700000 - 0x0000000019703000 	C:\Program Files\Java\jre1.8.0_161\bin\api-ms-win-crt-conio-l1-1-0.dll
0x0000000019710000 - 0x0000000019714000 	C:\Program Files\Java\jre1.8.0_161\bin\api-ms-win-crt-convert-l1-1-0.dll
0x0000000019720000 - 0x0000000019723000 	C:\Program Files\Java\jre1.8.0_161\bin\api-ms-win-crt-environment-l1-1-0.dll
0x0000000019730000 - 0x0000000019733000 	C:\Program Files\Java\jre1.8.0_161\bin\api-ms-win-crt-filesystem-l1-1-0.dll
0x0000000019740000 - 0x0000000019743000 	C:\Program Files\Java\jre1.8.0_161\bin\api-ms-win-crt-heap-l1-1-0.dll
0x0000000019750000 - 0x0000000019753000 	C:\Program Files\Java\jre1.8.0_161\bin\api-ms-win-crt-locale-l1-1-0.dll
0x0000000019760000 - 0x0000000019765000 	C:\Program Files\Java\jre1.8.0_161\bin\api-ms-win-crt-math-l1-1-0.dll
0x0000000019770000 - 0x0000000019775000 	C:\Program Files\Java\jre1.8.0_161\bin\api-ms-win-crt-multibyte-l1-1-0.dll
0x0000000019780000 - 0x0000000019790000 	C:\Program Files\Java\jre1.8.0_161\bin\api-ms-win-crt-private-l1-1-0.dll
0x0000000019790000 - 0x0000000019793000 	C:\Program Files\Java\jre1.8.0_161\bin\api-ms-win-crt-process-l1-1-0.dll
0x00000000197a0000 - 0x00000000197a4000 	C:\Program Files\Java\jre1.8.0_161\bin\api-ms-win-crt-runtime-l1-1-0.dll
0x00000000197b0000 - 0x00000000197b4000 	C:\Program Files\Java\jre1.8.0_161\bin\api-ms-win-crt-stdio-l1-1-0.dll
0x00000000197c0000 - 0x00000000197c4000 	C:\Program Files\Java\jre1.8.0_161\bin\api-ms-win-crt-string-l1-1-0.dll
0x00000000197d0000 - 0x00000000197d3000 	C:\Program Files\Java\jre1.8.0_161\bin\api-ms-win-crt-time-l1-1-0.dll
0x00000000197e0000 - 0x00000000197e3000 	C:\Program Files\Java\jre1.8.0_161\bin\api-ms-win-crt-utility-l1-1-0.dll
0x00007ffe05600000 - 0x00007ffe056f6000 	C:\Program Files\Java\jre1.8.0_161\bin\ucrtbase.dll
0x00007ffe04710000 - 0x00007ffe04761000 	C:\Program Files\Java\jre1.8.0_161\bin\concrt140.dll
0x00007ffdfc790000 - 0x00007ffdfc82c000 	C:\Program Files\Java\jre1.8.0_161\bin\MSVCP140.dll
0x00007ffe047a0000 - 0x00007ffe047b6000 	C:\Program Files\Java\jre1.8.0_161\bin\VCRUNTIME140.dll
0x00000000596b0000 - 0x00000000596d3000 	C:\Program Files\Java\jre1.8.0_161\bin\prism_d3d.dll
0x00007ffdfe6d0000 - 0x00007ffdfe867000 	C:\WINDOWS\system32\d3d9.dll
0x00007ffe075f0000 - 0x00007ffe07619000 	C:\WINDOWS\SYSTEM32\dwmapi.dll
0x00007ffe06c40000 - 0x00007ffe06cd8000 	C:\WINDOWS\system32\uxtheme.dll
0x00007ffe099f0000 - 0x00007ffe09bd2000 	C:\WINDOWS\System32\crypt32.dll
0x00007ffe09280000 - 0x00007ffe09292000 	C:\WINDOWS\System32\MSASN1.dll
0x00007ffe093f0000 - 0x00007ffe09447000 	C:\WINDOWS\System32\WINTRUST.DLL
0x00007ffe0c960000 - 0x00007ffe0c97d000 	C:\WINDOWS\System32\imagehlp.dll
0x00007ffe08c60000 - 0x00007ffe08c77000 	C:\WINDOWS\SYSTEM32\CRYPTSP.dll
0x00007ffe08690000 - 0x00007ffe086c3000 	C:\WINDOWS\system32\rsaenh.dll
0x00007ffe08d90000 - 0x00007ffe08db5000 	C:\WINDOWS\SYSTEM32\bcrypt.dll
0x00007ffe08c80000 - 0x00007ffe08c8b000 	C:\WINDOWS\SYSTEM32\CRYPTBASE.dll
0x0000000059660000 - 0x00000000596a9000 	C:\Program Files\Java\jre1.8.0_161\bin\glass.dll
0x00007ffe0a5f0000 - 0x00007ffe0a6dd000 	C:\WINDOWS\System32\COMDLG32.dll
0x00007ffe0abe0000 - 0x00007ffe0ad31000 	C:\WINDOWS\System32\ole32.dll
0x00007ffe0b0d0000 - 0x00007ffe0b192000 	C:\WINDOWS\System32\OLEAUT32.dll
0x00007ffe0aa60000 - 0x00007ffe0abd3000 	C:\WINDOWS\System32\MSCTF.dll
0x00007ffdfc5f0000 - 0x00007ffdfc6dc000 	C:\WINDOWS\System32\DriverStore\FileRepository\nvam.inf_amd64_9b1341e92276ee7c\nvldumdx.dll
0x00007ffdd5870000 - 0x00007ffdd6aa9000 	C:\WINDOWS\System32\DriverStore\FileRepository\nvam.inf_amd64_9b1341e92276ee7c\nvd3dumx.dll
0x00007ffe07f50000 - 0x00007ffe07f72000 	C:\WINDOWS\SYSTEM32\gpapi.dll
0x00007ffe02970000 - 0x00007ffe0299e000 	C:\WINDOWS\SYSTEM32\cryptnet.dll
0x00007ffdd0080000 - 0x00007ffdd5864000 	C:\WINDOWS\System32\DriverStore\FileRepository\igdlh64.inf_amd64_463164d40c3d26ce\igdumdim64.dll
0x00007ffe0c980000 - 0x00007ffe0cdcb000 	C:\WINDOWS\System32\SETUPAPI.dll
0x00007ffdfeb30000 - 0x00007ffdffc8d000 	C:\WINDOWS\System32\DriverStore\FileRepository\igdlh64.inf_amd64_463164d40c3d26ce\igc64.dll
0x0000000059640000 - 0x0000000059654000 	C:\Program Files\Java\jre1.8.0_161\bin\javafx_font.dll
0x00007ffdf8800000 - 0x00007ffdf8b1c000 	C:\WINDOWS\SYSTEM32\dwrite.dll
0x00007ffe0ad40000 - 0x00007ffe0ade0000 	C:\WINDOWS\System32\clbcatq.dll
0x00007ffe02060000 - 0x00007ffe0220e000 	C:\WINDOWS\SYSTEM32\WindowsCodecs.dll
0x00007ffde8000000 - 0x00007ffde8058000 	C:\WINDOWS\system32\dataexchange.dll
0x00007ffe05720000 - 0x00007ffe05a2b000 	C:\WINDOWS\system32\d3d11.dll
0x00007ffe06430000 - 0x00007ffe065cc000 	C:\WINDOWS\system32\dcomp.dll
0x00007ffe07ff0000 - 0x00007ffe080ab000 	C:\WINDOWS\system32\dxgi.dll
0x00007ffe07700000 - 0x00007ffe078b8000 	C:\WINDOWS\system32\twinapi.appcore.dll
0x00007ffe076d0000 - 0x00007ffe076f9000 	C:\WINDOWS\system32\RMCLIENT.dll
0x00007ffdf4020000 - 0x00007ffdf4054000 	C:\Program Files\Common Files\Microsoft Shared\Ink\rtscom.dll
0x00007ffdfa7d0000 - 0x00007ffdfa866000 	C:\WINDOWS\System32\TextInputFramework.dll
0x00007ffe01b70000 - 0x00007ffe01e8e000 	C:\WINDOWS\System32\CoreUIComponents.dll
0x00007ffe06910000 - 0x00007ffe069ea000 	C:\WINDOWS\System32\CoreMessaging.dll
0x00007ffe08320000 - 0x00007ffe08351000 	C:\WINDOWS\SYSTEM32\ntmarta.dll
0x00007ffe04e20000 - 0x00007ffe04f6d000 	C:\WINDOWS\SYSTEM32\wintypes.dll
0x00007ffe05a30000 - 0x00007ffe05ff7000 	C:\WINDOWS\SYSTEM32\d2d1.dll
0x00007ffdee900000 - 0x00007ffdef07e000 	C:\WINDOWS\SYSTEM32\D3D10Warp.dll

VM Arguments:
jvm_args: -Dfile.encoding=UTF-8 
java_command: ch.epfl.javass.gui.Step10_Test
java_class_path (initial): C:\Users\asus\Desktop\Giiit\Jass\Jass\bin;C:\Users\asus\.p2\pool\plugins\org.junit.jupiter.api_5.3.1.v20181005-1442.jar;C:\Users\asus\.p2\pool\plugins\org.junit.jupiter.engine_5.3.1.v20181005-1442.jar;C:\Users\asus\.p2\pool\plugins\org.junit.jupiter.migrationsupport_5.3.1.v20181005-1442.jar;C:\Users\asus\.p2\pool\plugins\org.junit.jupiter.params_5.3.1.v20181005-1442.jar;C:\Users\asus\.p2\pool\plugins\org.junit.platform.commons_1.3.1.v20181005-1442.jar;C:\Users\asus\.p2\pool\plugins\org.junit.platform.engine_1.3.1.v20181005-1442.jar;C:\Users\asus\.p2\pool\plugins\org.junit.platform.launcher_1.3.1.v20181005-1442.jar;C:\Users\asus\.p2\pool\plugins\org.junit.platform.runner_1.3.1.v20181005-1442.jar;C:\Users\asus\.p2\pool\plugins\org.junit.platform.suite.api_1.3.1.v20181005-1442.jar;C:\Users\asus\.p2\pool\plugins\org.junit.vintage.engine_5.3.1.v20181005-1442.jar;C:\Users\asus\.p2\pool\plugins\org.opentest4j_1.1.1.v20181005-1442.jar;C:\Users\asus\.p2\pool\plugins\org.apiguardian_1.0.0.v20181005-1442.jar;C:\Users\asus\.p2\pool\plugins\org.junit_4.12.0.v201504281640\junit.jar;C:\Users\asus\.p2\pool\plugins\org.hamcrest.core_1.3.0.v20180420-1519.jar
Launcher Type: SUN_STANDARD

Environment Variables:
PATH=C:/Program Files/Java/jre1.8.0_161/bin/server;C:/Program Files/Java/jre1.8.0_161/bin;C:/Program Files/Java/jre1.8.0_161/lib/amd64;C:\ProgramData\Oracle\Java\javapath;C:\WINDOWS\system32;C:\WINDOWS;C:\WINDOWS\System32\Wbem;C:\WINDOWS\System32\WindowsPowerShell\v1.0\;C:\WINDOWS\System32\OpenSSH\;C:\Users\asus\AppData\Local\Microsoft\WindowsApps;C:\intelFPGA\18.0\modelsim_ase\win32aloem;C:\intelFPGA_lite\18.0\modelsim_ase\win32aloem;C:\Users\asus\Desktop\ModelSim\modelsim_ase\win32aloem;C:\Users\asus\AppData\Local\Programs\Microsoft VS Code\bin;C:\WINDOWS\system32;
USERNAME=asus
OS=Windows_NT
PROCESSOR_IDENTIFIER=Intel64 Family 6 Model 142 Stepping 9, GenuineIntel



---------------  S Y S T E M  ---------------

OS: Windows 10.0 , 64 bit Build 17134 (10.0.17134.706)

CPU:total 4 (initial active 4) (2 cores per cpu, 2 threads per core) family 6 model 142 stepping 9, cmov, cx8, fxsr, mmx, sse, sse2, sse3, ssse3, sse4.1, sse4.2, popcnt, avx, avx2, aes, clmul, erms, 3dnowpref, lzcnt, ht, tsc, tscinvbit, bmi1, bmi2, adx

Memory: 4k page, physical 8267184k(1125108k free), swap 33433008k(2864k free)

vm_info: Java HotSpot(TM) 64-Bit Server VM (25.161-b12) for windows-amd64 JRE (1.8.0_161-b12), built on Dec 19 2017 17:52:25 by "java_re" with MS VC++ 10.0 (VS2010)

time: Fri May 03 16:04:24 2019
elapsed time: 25 seconds (0d 0h 0m 25s)

